<?xml version="1.0" encoding="UTF-8"?>
<!-- Generated by org.testng.reporters.JUnitReportReporter -->
<testsuite skipped="0" hostname="LAPTOP-PLB7R325" name="org.securepay.TestRunner3" tests="1" failures="0" timestamp="03 Sep 2019 11:36:52 GMT" time="13.878" errors="0">
  <testcase name="newtest" time="13.878" classname="org.securepay.TestRunner3"/>
</testsuite> <!-- org.securepay.TestRunner3 -->
